<?xml version="1.0" encoding="UTF-8"?>
<coverage generated="1591992910696" clover="3.2.0">
  <project timestamp="1591992910696" name="All files">
    <metrics statements="44" coveredstatements="36" conditionals="19" coveredconditionals="11" methods="15" coveredmethods="7" elements="78" coveredelements="54" complexity="0" loc="44" ncloc="44" packages="2" files="5" classes="5"/>
    <package name="entities">
      <metrics statements="10" coveredstatements="10" conditionals="2" coveredconditionals="2" methods="4" coveredmethods="3"/>
      <file name="echo.ts" path="/Volumes/Seagate Backup Plus Drive/Dawid Programming Files/Projects/dynamic-twitter-feed/src/entities/echo.ts">
        <metrics statements="10" coveredstatements="10" conditionals="2" coveredconditionals="2" methods="4" coveredmethods="3"/>
        <line num="2" count="2" type="stmt"/>
        <line num="5" count="2" type="stmt"/>
        <line num="7" count="2" type="stmt"/>
        <line num="23" count="2" type="stmt"/>
        <line num="25" count="12" type="stmt"/>
        <line num="26" count="116" type="stmt"/>
        <line num="27" count="116" type="stmt"/>
        <line num="39" count="2" type="stmt"/>
        <line num="41" count="2" type="stmt"/>
        <line num="46" count="2" type="stmt"/>
      </file>
    </package>
    <package name="utils">
      <metrics statements="34" coveredstatements="26" conditionals="17" coveredconditionals="9" methods="11" coveredmethods="4"/>
      <file name="dataGetters.ts" path="/Volumes/Seagate Backup Plus Drive/Dawid Programming Files/Projects/dynamic-twitter-feed/src/utils/dataGetters.ts">
        <metrics statements="3" coveredstatements="3" conditionals="0" coveredconditionals="0" methods="1" coveredmethods="1"/>
        <line num="1" count="2" type="stmt"/>
        <line num="3" count="2" type="stmt"/>
        <line num="4" count="6" type="stmt"/>
      </file>
      <file name="echoConverter.ts" path="/Volumes/Seagate Backup Plus Drive/Dawid Programming Files/Projects/dynamic-twitter-feed/src/utils/echoConverter.ts">
        <metrics statements="15" coveredstatements="15" conditionals="6" coveredconditionals="5" methods="1" coveredmethods="1"/>
        <line num="3" count="1" type="stmt"/>
        <line num="4" count="1" type="stmt"/>
        <line num="6" count="1" type="stmt"/>
        <line num="9" count="1" type="stmt"/>
        <line num="13" count="4" type="cond" truecount="2" falsecount="0"/>
        <line num="14" count="3" type="stmt"/>
        <line num="15" count="3" type="stmt"/>
        <line num="17" count="3" type="stmt"/>
        <line num="18" count="2" type="stmt"/>
        <line num="19" count="2" type="stmt"/>
        <line num="33" count="1" type="stmt"/>
        <line num="34" count="1" type="stmt"/>
        <line num="37" count="1" type="stmt"/>
        <line num="38" count="1" type="stmt"/>
        <line num="42" count="1" type="stmt"/>
      </file>
      <file name="jestTestData.ts" path="/Volumes/Seagate Backup Plus Drive/Dawid Programming Files/Projects/dynamic-twitter-feed/src/utils/jestTestData.ts">
        <metrics statements="1" coveredstatements="1" conditionals="0" coveredconditionals="0" methods="0" coveredmethods="0"/>
        <line num="1" count="2" type="stmt"/>
      </file>
      <file name="utils.ts" path="/Volumes/Seagate Backup Plus Drive/Dawid Programming Files/Projects/dynamic-twitter-feed/src/utils/utils.ts">
        <metrics statements="15" coveredstatements="7" conditionals="11" coveredconditionals="4" methods="9" coveredmethods="2"/>
        <line num="6" count="3" type="stmt"/>
        <line num="7" count="0" type="cond" truecount="0" falsecount="2"/>
        <line num="9" count="12" type="stmt"/>
        <line num="11" count="3" type="stmt"/>
        <line num="14" count="0" type="cond" truecount="0" falsecount="2"/>
        <line num="16" count="3" type="stmt"/>
        <line num="18" count="0" type="cond" truecount="0" falsecount="3"/>
        <line num="20" count="0" type="stmt"/>
        <line num="21" count="0" type="stmt"/>
        <line num="25" count="3" type="stmt"/>
        <line num="30" count="0" type="stmt"/>
        <line num="31" count="0" type="stmt"/>
        <line num="32" count="0" type="stmt"/>
        <line num="35" count="3" type="stmt"/>
        <line num="39" count="13" type="cond" truecount="2" falsecount="0"/>
      </file>
    </package>
  </project>
</coverage>
