{"/Volumes/Seagate Backup Plus Drive/Dawid Programming Files/Projects/dynamic-twitter-feed/src/entities/echo.ts": {"path":"/Volumes/Seagate Backup Plus Drive/Dawid Programming Files/Projects/dynamic-twitter-feed/src/entities/echo.ts","statementMap":{"0":{"start":{"line":2,"column":0},"end":{"line":2,"column":42}},"1":{"start":{"line":5,"column":13},"end":{"line":5,"column":29}},"2":{"start":{"line":5,"column":26},"end":{"line":5,"column":29}},"3":{"start":{"line":7,"column":13},"end":{"line":21,"column":11}},"4":{"start":{"line":23,"column":25},"end":{"line":23,"column":61}},"5":{"start":{"line":23,"column":60},"end":{"line":37,"column":3}},"6":{"start":{"line":25,"column":2},"end":{"line":35,"column":4}},"7":{"start":{"line":26,"column":9},"end":{"line":26,"column":10}},"8":{"start":{"line":26,"column":11},"end":{"line":26,"column":13}},"9":{"start":{"line":26,"column":14},"end":{"line":26,"column":15}},"10":{"start":{"line":27,"column":4},"end":{"line":29,"column":null}},"11":{"start":{"line":39,"column":31},"end":{"line":39,"column":90}},"12":{"start":{"line":41,"column":13},"end":{"line":44,"column":2}},"13":{"start":{"line":46,"column":0},"end":{"line":46,"column":20}}},"fnMap":{"0":{"name":"(anonymous_3)","decl":{"start":{"line":5,"column":20},"end":{"line":5,"column":26}},"loc":{"start":{"line":5,"column":20},"end":{"line":5,"column":28}}},"1":{"name":"(anonymous_4)","decl":{"start":{"line":23,"column":25},"end":{"line":23,"column":26}},"loc":{"start":{"line":23,"column":55},"end":{"line":23,"column":61}}},"2":{"name":"(anonymous_5)","decl":{"start":{"line":24,"column":1},"end":{"line":24,"column":5}},"loc":{"start":{"line":24,"column":44},"end":{"line":36,"column":2}}},"3":{"name":"(anonymous_6)","decl":{"start":{"line":26,"column":3},"end":{"line":26,"column":4}},"loc":{"start":{"line":26,"column":15},"end":{"line":27,"column":10}}}},"branchMap":{"0":{"loc":{"start":{"line":28,"column":6},"end":{"line":28,"column":null}},"type":"cond-expr","locations":[{"start":{"line":28,"column":6},"end":{"line":28,"column":null}},{"start":{"line":29,"column":7},"end":{"line":29,"column":10}}]}},"s":{"0":2,"1":2,"2":0,"3":2,"4":2,"5":2,"6":12,"7":116,"8":116,"9":116,"10":116,"11":2,"12":2,"13":2},"f":{"0":0,"1":2,"2":12,"3":116},"b":{"0":[102,14]}}
,"/Volumes/Seagate Backup Plus Drive/Dawid Programming Files/Projects/dynamic-twitter-feed/src/utils/dataGetters.ts": {"path":"/Volumes/Seagate Backup Plus Drive/Dawid Programming Files/Projects/dynamic-twitter-feed/src/utils/dataGetters.ts","statementMap":{"0":{"start":{"line":1,"column":0},"end":{"line":1,"column":28}},"1":{"start":{"line":3,"column":13},"end":{"line":4,"column":80}},"2":{"start":{"line":4,"column":1},"end":{"line":4,"column":80}}},"fnMap":{"0":{"name":"(anonymous_6)","decl":{"start":{"line":3,"column":27},"end":{"line":3,"column":34}},"loc":{"start":{"line":3,"column":41},"end":{"line":4,"column":2}}}},"branchMap":{},"s":{"0":2,"1":2,"2":6},"f":{"0":6},"b":{}}
,"/Volumes/Seagate Backup Plus Drive/Dawid Programming Files/Projects/dynamic-twitter-feed/src/utils/echoConverter.ts": {"path":"/Volumes/Seagate Backup Plus Drive/Dawid Programming Files/Projects/dynamic-twitter-feed/src/utils/echoConverter.ts","statementMap":{"0":{"start":{"line":3,"column":0},"end":{"line":3,"column":51}},"1":{"start":{"line":4,"column":0},"end":{"line":4,"column":42}},"2":{"start":{"line":6,"column":0},"end":{"line":6,"column":44}},"3":{"start":{"line":9,"column":22},"end":{"line":40,"column":1}},"4":{"start":{"line":13,"column":1},"end":{"line":39,"column":null}},"5":{"start":{"line":14,"column":2},"end":{"line":35,"column":null}},"6":{"start":{"line":15,"column":21},"end":{"line":15,"column":87}},"7":{"start":{"line":17,"column":56},"end":{"line":17,"column":66}},"8":{"start":{"line":17,"column":16},"end":{"line":17,"column":18}},"9":{"start":{"line":17,"column":22},"end":{"line":17,"column":24}},"10":{"start":{"line":17,"column":36},"end":{"line":17,"column":38}},"11":{"start":{"line":17,"column":52},"end":{"line":17,"column":56}},"12":{"start":{"line":18,"column":50},"end":{"line":18,"column":65}},"13":{"start":{"line":18,"column":14},"end":{"line":18,"column":16}},"14":{"start":{"line":18,"column":27},"end":{"line":18,"column":29}},"15":{"start":{"line":18,"column":46},"end":{"line":18,"column":50}},"16":{"start":{"line":19,"column":3},"end":{"line":31,"column":6}},"17":{"start":{"line":33,"column":3},"end":{"line":33,"column":18}},"18":{"start":{"line":34,"column":3},"end":{"line":34,"column":37}},"19":{"start":{"line":37,"column":2},"end":{"line":37,"column":38}},"20":{"start":{"line":38,"column":2},"end":{"line":38,"column":36}},"21":{"start":{"line":42,"column":0},"end":{"line":42,"column":29}}},"fnMap":{"0":{"name":"(anonymous_6)","decl":{"start":{"line":9,"column":22},"end":{"line":9,"column":null}},"loc":{"start":{"line":11,"column":34},"end":{"line":40,"column":1}}}},"branchMap":{"0":{"loc":{"start":{"line":13,"column":1},"end":{"line":39,"column":null}},"type":"if","locations":[{"start":{"line":13,"column":1},"end":{"line":39,"column":null}},{"start":{"line":13,"column":1},"end":{"line":39,"column":null}}]},"1":{"loc":{"start":{"line":21,"column":10},"end":{"line":21,"column":14}},"type":"cond-expr","locations":[{"start":{"line":21,"column":10},"end":{"line":21,"column":14}},{"start":{"line":21,"column":18},"end":{"line":21,"column":20}}]},"2":{"loc":{"start":{"line":21,"column":10},"end":{"line":21,"column":18}},"type":"binary-expr","locations":[{"start":{"line":21,"column":10},"end":{"line":21,"column":18}},{"start":{"line":21,"column":10},"end":{"line":21,"column":18}}]}},"s":{"0":1,"1":1,"2":1,"3":1,"4":4,"5":3,"6":3,"7":3,"8":3,"9":2,"10":2,"11":2,"12":2,"13":2,"14":2,"15":2,"16":2,"17":1,"18":1,"19":1,"20":1,"21":1},"f":{"0":4},"b":{"0":[3,1],"1":[2,0],"2":[2,2]}}
,"/Volumes/Seagate Backup Plus Drive/Dawid Programming Files/Projects/dynamic-twitter-feed/src/utils/jestTestData.ts": {"path":"/Volumes/Seagate Backup Plus Drive/Dawid Programming Files/Projects/dynamic-twitter-feed/src/utils/jestTestData.ts","statementMap":{"0":{"start":{"line":1,"column":13},"end":{"line":640,"column":2}}},"fnMap":{},"branchMap":{},"s":{"0":2},"f":{},"b":{}}
,"/Volumes/Seagate Backup Plus Drive/Dawid Programming Files/Projects/dynamic-twitter-feed/src/utils/utils.ts": {"path":"/Volumes/Seagate Backup Plus Drive/Dawid Programming Files/Projects/dynamic-twitter-feed/src/utils/utils.ts","statementMap":{"0":{"start":{"line":6,"column":13},"end":{"line":7,"column":56}},"1":{"start":{"line":7,"column":1},"end":{"line":7,"column":56}},"2":{"start":{"line":9,"column":13},"end":{"line":9,"column":98}},"3":{"start":{"line":9,"column":32},"end":{"line":9,"column":98}},"4":{"start":{"line":11,"column":13},"end":{"line":14,"column":63}},"5":{"start":{"line":14,"column":19},"end":{"line":14,"column":63}},"6":{"start":{"line":16,"column":13},"end":{"line":23,"column":2}},"7":{"start":{"line":16,"column":46},"end":{"line":23,"column":2}},"8":{"start":{"line":18,"column":9},"end":{"line":18,"column":77}},"9":{"start":{"line":18,"column":52},"end":{"line":18,"column":76}},"10":{"start":{"line":18,"column":2},"end":{"line":18,"column":77}},"11":{"start":{"line":20,"column":2},"end":{"line":20,"column":17}},"12":{"start":{"line":21,"column":2},"end":{"line":21,"column":32}},"13":{"start":{"line":25,"column":13},"end":{"line":33,"column":2}},"14":{"start":{"line":25,"column":63},"end":{"line":33,"column":2}},"15":{"start":{"line":30,"column":1},"end":{"line":30,"column":40}},"16":{"start":{"line":31,"column":1},"end":{"line":31,"column":32}},"17":{"start":{"line":32,"column":1},"end":{"line":32,"column":34}},"18":{"start":{"line":35,"column":13},"end":{"line":41,"column":7}},"19":{"start":{"line":39,"column":1},"end":{"line":41,"column":7}}},"fnMap":{"0":{"name":"(anonymous_15)","decl":{"start":{"line":6,"column":21},"end":{"line":6,"column":22}},"loc":{"start":{"line":6,"column":48},"end":{"line":7,"column":4}}},"1":{"name":"(anonymous_16)","decl":{"start":{"line":9,"column":26},"end":{"line":9,"column":32}},"loc":{"start":{"line":9,"column":26},"end":{"line":9,"column":36}}},"2":{"name":"(anonymous_17)","decl":{"start":{"line":11,"column":28},"end":{"line":11,"column":null}},"loc":{"start":{"line":13,"column":53},"end":{"line":14,"column":20}}},"3":{"name":"(anonymous_18)","decl":{"start":{"line":16,"column":28},"end":{"line":16,"column":35}},"loc":{"start":{"line":16,"column":46},"end":{"line":23,"column":2}}},"4":{"name":"(anonymous_19)","decl":{"start":{"line":16,"column":46},"end":{"line":16,"column":null}},"loc":{"start":{"line":16,"column":46},"end":{"line":23,"column":2}}},"5":{"name":"(anonymous_21)","decl":{"start":{"line":18,"column":45},"end":{"line":18,"column":48}},"loc":{"start":{"line":18,"column":48},"end":{"line":18,"column":53}}},"6":{"name":"(anonymous_22)","decl":{"start":{"line":25,"column":45},"end":{"line":25,"column":46}},"loc":{"start":{"line":25,"column":58},"end":{"line":25,"column":null}}},"7":{"name":"(anonymous_23)","decl":{"start":{"line":25,"column":63},"end":{"line":25,"column":null}},"loc":{"start":{"line":28,"column":23},"end":{"line":33,"column":1}}},"8":{"name":"(anonymous_24)","decl":{"start":{"line":35,"column":35},"end":{"line":35,"column":null}},"loc":{"start":{"line":37,"column":27},"end":{"line":39,"column":17}}}},"branchMap":{"0":{"loc":{"start":{"line":7,"column":16},"end":{"line":7,"column":21}},"type":"cond-expr","locations":[{"start":{"line":7,"column":16},"end":{"line":7,"column":21}},{"start":{"line":7,"column":23},"end":{"line":7,"column":55}}]},"1":{"loc":{"start":{"line":14,"column":31},"end":{"line":14,"column":40}},"type":"cond-expr","locations":[{"start":{"line":14,"column":31},"end":{"line":14,"column":40}},{"start":{"line":14,"column":43},"end":{"line":14,"column":61}}]},"2":{"loc":{"start":{"line":18,"column":2},"end":{"line":18,"column":77}},"type":"switch","locations":[{"start":{"line":18,"column":2},"end":{"line":18,"column":77}}]},"3":{"loc":{"start":{"line":18,"column":62},"end":{"line":18,"column":66}},"type":"cond-expr","locations":[{"start":{"line":18,"column":62},"end":{"line":18,"column":66}},{"start":{"line":18,"column":69},"end":{"line":18,"column":74}}]},"4":{"loc":{"start":{"line":40,"column":4},"end":{"line":40,"column":64}},"type":"cond-expr","locations":[{"start":{"line":40,"column":4},"end":{"line":40,"column":64}},{"start":{"line":41,"column":4},"end":{"line":41,"column":6}}]},"5":{"loc":{"start":{"line":39,"column":1},"end":{"line":39,"column":17}},"type":"binary-expr","locations":[{"start":{"line":39,"column":1},"end":{"line":39,"column":17}},{"start":{"line":39,"column":21},"end":{"line":39,"column":29}}]}},"s":{"0":3,"1":0,"2":3,"3":12,"4":3,"5":0,"6":3,"7":0,"8":0,"9":0,"10":0,"11":0,"12":0,"13":3,"14":0,"15":0,"16":0,"17":0,"18":3,"19":13},"f":{"0":0,"1":12,"2":0,"3":0,"4":0,"5":0,"6":0,"7":0,"8":13},"b":{"0":[0,0],"1":[0,0],"2":[0],"3":[0,0],"4":[11,2],"5":[13,13]}}
}
