TN:
SF:src/entities/echo.ts
FN:5,(anonymous_3)
FN:23,(anonymous_4)
FN:24,(anonymous_5)
FN:26,(anonymous_6)
FNF:4
FNH:3
FNDA:0,(anonymous_3)
FNDA:2,(anonymous_4)
FNDA:12,(anonymous_5)
FNDA:116,(anonymous_6)
DA:2,2
DA:5,2
DA:7,2
DA:23,2
DA:25,12
DA:26,116
DA:27,116
DA:39,2
DA:41,2
DA:46,2
LF:10
LH:10
BRDA:28,0,0,102
BRDA:28,0,1,14
BRF:2
BRH:2
end_of_record
TN:
SF:src/utils/dataGetters.ts
FN:3,(anonymous_6)
FNF:1
FNH:1
FNDA:6,(anonymous_6)
DA:1,2
DA:3,2
DA:4,6
LF:3
LH:3
BRF:0
BRH:0
end_of_record
TN:
SF:src/utils/echoConverter.ts
FN:9,(anonymous_6)
FNF:1
FNH:1
FNDA:4,(anonymous_6)
DA:3,1
DA:4,1
DA:6,1
DA:9,1
DA:13,4
DA:14,3
DA:15,3
DA:17,3
DA:18,2
DA:19,2
DA:33,1
DA:34,1
DA:37,1
DA:38,1
DA:42,1
LF:15
LH:15
BRDA:13,0,0,3
BRDA:13,0,1,1
BRDA:21,1,0,2
BRDA:21,1,1,0
BRDA:21,2,0,2
BRDA:21,2,1,2
BRF:6
BRH:5
end_of_record
TN:
SF:src/utils/jestTestData.ts
FNF:0
FNH:0
DA:1,2
LF:1
LH:1
BRF:0
BRH:0
end_of_record
TN:
SF:src/utils/utils.ts
FN:6,(anonymous_15)
FN:9,(anonymous_16)
FN:11,(anonymous_17)
FN:16,(anonymous_18)
FN:16,(anonymous_19)
FN:18,(anonymous_21)
FN:25,(anonymous_22)
FN:25,(anonymous_23)
FN:35,(anonymous_24)
FNF:9
FNH:2
FNDA:0,(anonymous_15)
FNDA:12,(anonymous_16)
FNDA:0,(anonymous_17)
FNDA:0,(anonymous_18)
FNDA:0,(anonymous_19)
FNDA:0,(anonymous_21)
FNDA:0,(anonymous_22)
FNDA:0,(anonymous_23)
FNDA:13,(anonymous_24)
DA:6,3
DA:7,0
DA:9,12
DA:11,3
DA:14,0
DA:16,3
DA:18,0
DA:20,0
DA:21,0
DA:25,3
DA:30,0
DA:31,0
DA:32,0
DA:35,3
DA:39,13
LF:15
LH:7
BRDA:7,0,0,0
BRDA:7,0,1,0
BRDA:14,1,0,0
BRDA:14,1,1,0
BRDA:18,2,0,0
BRDA:18,3,0,0
BRDA:18,3,1,0
BRDA:40,4,0,11
BRDA:40,4,1,2
BRDA:39,5,0,13
BRDA:39,5,1,13
BRF:11
BRH:4
end_of_record
